<?xml version="1.0" encoding="UTF-8"?>
<!-- Generated by org.testng.reporters.JUnitReportReporter -->
<testsuite skipped="0" hostname="Prasad-PC" name="TestingTravels.loginTest" tests="1" failures="0" timestamp="23 Jun 2020 16:26:35 GMT" time="23.549" errors="0">
  <testcase name="logIn" time="23.549" classname="TestingTravels.loginTest"/>
</testsuite> <!-- TestingTravels.loginTest -->
